<?xml version="1.0" encoding="UTF-8"?>
<!-- Generated by org.testng.reporters.JUnitXMLReporter -->
<testsuite hostname="ip-172-31-26-51" ignored="0" name="BDD Tests" tests="3" failures="0" timestamp="2023-01-14T16:18:11 UTC" time="29.177" errors="0">
  <testcase name="runScenario" time="19.658" classname="io.cucumber.testng.AbstractTestNGCucumberTests"/>
  <testcase name="runScenario" time="24.33" classname="io.cucumber.testng.AbstractTestNGCucumberTests"/>
  <testcase name="runScenario" time="28.983" classname="io.cucumber.testng.AbstractTestNGCucumberTests"/>
</testsuite> <!-- BDD Tests -->
