<?xml version="1.0" encoding="UTF-8"?>
<!-- Generated by org.testng.reporters.JUnitXMLReporter -->
<testsuite hostname="ip-172-31-26-51" ignored="0" name="BDD Tests" tests="3" failures="0" timestamp="2023-01-14T17:12:49 UTC" time="31.303" errors="0">
  <testcase name="runScenario" time="21.343" classname="io.cucumber.testng.AbstractTestNGCucumberTests"/>
  <testcase name="runScenario" time="25.584" classname="io.cucumber.testng.AbstractTestNGCucumberTests"/>
  <testcase name="runScenario" time="31.008" classname="io.cucumber.testng.AbstractTestNGCucumberTests"/>
</testsuite> <!-- BDD Tests -->
